La génération a démarré 17/12/2011 17:09:41.
     1>Projet "C:\Users\zao\Documents\Visual Studio 2010\Projects\SpaceBattle seb-oliv\SpaceBattle\mWrapper\mWrapper.vcxproj" sur le nœud 3 (build cible(s)).
     1>InitializeBuildStatus:
         Création de "Debug\mWrapper.unsuccessfulbuild", car "AlwaysCreate" a été spécifié.
       GenerateTargetFrameworkMonikerAttribute:
       La cible est ignorée "GenerateTargetFrameworkMonikerAttribute", car tous les fichiers de sortie sont à jour par rapport aux fichiers d'entrée.
       ClCompile:
         c:\Program Files (x86)\Microsoft Visual Studio 10.0\VC\bin\CL.exe /c /AI"C:\Program Files (x86)\Reference Assemblies\Microsoft\Framework\.NETFramework\v4.0" /Zi /clr /nologo /W3 /WX- /Od /Oy- /D WIN32 /D _DEBUG /D _WINDLL /D _UNICODE /D UNICODE /EHa /MDd /GS /fp:precise /Zc:wchar_t /Zc:forScope /Yc"StdAfx.h" /Fp"Debug\mWrapper.pch" /Fo"Debug\\" /Fd"Debug\vc100.pdb" /TP /FU"C:\Users\zao\Documents\Visual Studio 2010\Projects\SpaceBattle seb-oliv\SpaceBattle\Debug\DllModeleCpp.dll" /FU"C:\Program Files (x86)\Reference Assemblies\Microsoft\Framework\.NETFramework\v4.0\System.Core.dll" /FU"C:\Program Files (x86)\Reference Assemblies\Microsoft\Framework\.NETFramework\v4.0\System.Data.dll" /FU"C:\Program Files (x86)\Reference Assemblies\Microsoft\Framework\.NETFramework\v4.0\System.dll" /FU"C:\Program Files (x86)\Reference Assemblies\Microsoft\Framework\.NETFramework\v4.0\System.Xml.dll" /analyze- /errorReport:prompt Stdafx.cpp /clr:nostdlib 
         Stdafx.cpp
         c:\Program Files (x86)\Microsoft Visual Studio 10.0\VC\bin\CL.exe /c /AI"C:\Program Files (x86)\Reference Assemblies\Microsoft\Framework\.NETFramework\v4.0" /Zi /clr /nologo /W3 /WX- /Od /Oy- /D WIN32 /D _DEBUG /D _WINDLL /D _UNICODE /D UNICODE /EHa /MDd /GS /fp:precise /Zc:wchar_t /Zc:forScope /Yu"StdAfx.h" /Fp"Debug\mWrapper.pch" /Fo"Debug\\" /Fd"Debug\vc100.pdb" /TP /FU"C:\Users\zao\Documents\Visual Studio 2010\Projects\SpaceBattle seb-oliv\SpaceBattle\Debug\DllModeleCpp.dll" /FU"C:\Program Files (x86)\Reference Assemblies\Microsoft\Framework\.NETFramework\v4.0\System.Core.dll" /FU"C:\Program Files (x86)\Reference Assemblies\Microsoft\Framework\.NETFramework\v4.0\System.Data.dll" /FU"C:\Program Files (x86)\Reference Assemblies\Microsoft\Framework\.NETFramework\v4.0\System.dll" /FU"C:\Program Files (x86)\Reference Assemblies\Microsoft\Framework\.NETFramework\v4.0\System.Xml.dll" /analyze- /errorReport:prompt AssemblyInfo.cpp WrapperDices.cpp wrapperGameManager.cpp /clr:nostdlib 
         AssemblyInfo.cpp
         WrapperDices.cpp
         wrapperGameManager.cpp
         Génération de code en cours...
         c:\Program Files (x86)\Microsoft Visual Studio 10.0\VC\bin\CL.exe /c /Zi /clr /nologo /W3 /WX- /Od /Oy- /D WIN32 /D _DEBUG /D _WINDLL /D _UNICODE /D UNICODE /EHa /MDd /GS /fp:precise /Zc:wchar_t /Zc:forScope /Fo"Debug\\" /Fd"Debug\vc100.pdb" /TP /analyze- /errorReport:prompt "C:\Users\zao\AppData\Local\Temp\.NETFramework,Version=v4.0.AssemblyAttributes.cpp"
         .NETFramework,Version=v4.0.AssemblyAttributes.cpp
       ResourceCompile:
         C:\Program Files (x86)\Microsoft SDKs\Windows\v7.0A\bin\rc.exe /D _UNICODE /D UNICODE /l"0x0409" /nologo /fo"Debug\app.res" app.rc 
       Link:
         c:\Program Files (x86)\Microsoft Visual Studio 10.0\VC\bin\link.exe /ERRORREPORT:PROMPT /OUT:"C:\Users\zao\Documents\Visual Studio 2010\Projects\SpaceBattle seb-oliv\SpaceBattle\Debug\mWrapper.dll" /INCREMENTAL /NOLOGO /LIBPATH:"C:\Users\zao\Documents\Visual Studio 2010\Projects\SpaceBattle seb-oliv\SpaceBattle\Debug\\" /MANIFEST /ManifestFile:"Debug\mWrapper.dll.intermediate.manifest" /MANIFESTUAC:"level='asInvoker' uiAccess='false'" /DEBUG /PDB:"C:\Users\zao\Documents\Visual Studio 2010\Projects\SpaceBattle seb-oliv\SpaceBattle\Debug\mWrapper.pdb" /ASSEMBLYDEBUG /TLBID:1 /DYNAMICBASE /FIXED:NO /NXCOMPAT /MACHINE:X86 /DLL Debug\app.res
         Debug\AssemblyInfo.obj
         Debug\WrapperDices.obj
         Debug\wrapperGameManager.obj
         Debug\Stdafx.obj
         "Debug\.NETFramework,Version=v4.0.AssemblyAttributes.obj"
            Création de la bibliothèque C:\Users\zao\Documents\Visual Studio 2010\Projects\SpaceBattle seb-oliv\SpaceBattle\Debug\mWrapper.lib et de l'objet C:\Users\zao\Documents\Visual Studio 2010\Projects\SpaceBattle seb-oliv\SpaceBattle\Debug\mWrapper.exp
         mWrapper.vcxproj -> C:\Users\zao\Documents\Visual Studio 2010\Projects\SpaceBattle seb-oliv\SpaceBattle\Debug\mWrapper.dll
       Manifest:
         C:\Program Files (x86)\Microsoft SDKs\Windows\v7.0A\bin\mt.exe /nologo /verbose /outputresource:"C:\Users\zao\Documents\Visual Studio 2010\Projects\SpaceBattle seb-oliv\SpaceBattle\Debug\mWrapper.dll;#2" /manifest Debug\mWrapper.dll.intermediate.manifest
       FinalizeBuildStatus:
         Suppression du fichier "Debug\mWrapper.unsuccessfulbuild".
         Mise à jour de l'horodatage "Debug\mWrapper.lastbuildstate".
     1>Génération du projet "C:\Users\zao\Documents\Visual Studio 2010\Projects\SpaceBattle seb-oliv\SpaceBattle\mWrapper\mWrapper.vcxproj" terminée (build cible(s)).

La génération a réussi.

Temps écoulé 00:00:04.71
