C:\USERS\ZAO\DOCUMENTS\VISUAL STUDIO 2010\PROJECTS\SPACEBATTLE SEB-OLIV\SPACEBATTLE\DEBUG\MWRAPPER.DLL
C:\Users\zao\Documents\Visual Studio 2010\Projects\SpaceBattle seb-oliv\SpaceBattle\Debug\mWrapper.exp
C:\USERS\ZAO\DOCUMENTS\VISUAL STUDIO 2010\PROJECTS\SPACEBATTLE SEB-OLIV\SPACEBATTLE\DEBUG\MWRAPPER.ILK
C:\Users\zao\Documents\Visual Studio 2010\Projects\SpaceBattle seb-oliv\SpaceBattle\Debug\mWrapper.lib
C:\USERS\ZAO\DOCUMENTS\VISUAL STUDIO 2010\PROJECTS\SPACEBATTLE SEB-OLIV\SPACEBATTLE\DEBUG\MWRAPPER.PDB
C:\USERS\ZAO\DOCUMENTS\VISUAL STUDIO 2010\PROJECTS\SPACEBATTLE SEB-OLIV\SPACEBATTLE\MWRAPPER\DEBUG\.NETFRAMEWORK,VERSION=V4.0.ASSEMBLYATTRIBUTES.OBJ
C:\USERS\ZAO\DOCUMENTS\VISUAL STUDIO 2010\PROJECTS\SPACEBATTLE SEB-OLIV\SPACEBATTLE\MWRAPPER\DEBUG\APP.RES
C:\USERS\ZAO\DOCUMENTS\VISUAL STUDIO 2010\PROJECTS\SPACEBATTLE SEB-OLIV\SPACEBATTLE\MWRAPPER\DEBUG\ASSEMBLYINFO.OBJ
C:\Users\zao\Documents\Visual Studio 2010\Projects\SpaceBattle seb-oliv\SpaceBattle\mWrapper\Debug\cl.command.1.tlog
C:\Users\zao\Documents\Visual Studio 2010\Projects\SpaceBattle seb-oliv\SpaceBattle\mWrapper\Debug\CL.read.1.tlog
C:\Users\zao\Documents\Visual Studio 2010\Projects\SpaceBattle seb-oliv\SpaceBattle\mWrapper\Debug\CL.write.1.tlog
C:\Users\zao\Documents\Visual Studio 2010\Projects\SpaceBattle seb-oliv\SpaceBattle\mWrapper\Debug\link.4004.read.1.tlog
C:\Users\zao\Documents\Visual Studio 2010\Projects\SpaceBattle seb-oliv\SpaceBattle\mWrapper\Debug\link.4004.write.1.tlog
C:\Users\zao\Documents\Visual Studio 2010\Projects\SpaceBattle seb-oliv\SpaceBattle\mWrapper\Debug\link.4004-cvtres.read.1.tlog
C:\Users\zao\Documents\Visual Studio 2010\Projects\SpaceBattle seb-oliv\SpaceBattle\mWrapper\Debug\link.4004-cvtres.write.1.tlog
C:\Users\zao\Documents\Visual Studio 2010\Projects\SpaceBattle seb-oliv\SpaceBattle\mWrapper\Debug\link.command.1.tlog
C:\Users\zao\Documents\Visual Studio 2010\Projects\SpaceBattle seb-oliv\SpaceBattle\mWrapper\Debug\link.read.1.tlog
C:\Users\zao\Documents\Visual Studio 2010\Projects\SpaceBattle seb-oliv\SpaceBattle\mWrapper\Debug\link.write.1.tlog
C:\Users\zao\Documents\Visual Studio 2010\Projects\SpaceBattle seb-oliv\SpaceBattle\mWrapper\Debug\mt.command.1.tlog
C:\Users\zao\Documents\Visual Studio 2010\Projects\SpaceBattle seb-oliv\SpaceBattle\mWrapper\Debug\mt.read.1.tlog
C:\Users\zao\Documents\Visual Studio 2010\Projects\SpaceBattle seb-oliv\SpaceBattle\mWrapper\Debug\mt.write.1.tlog
C:\USERS\ZAO\DOCUMENTS\VISUAL STUDIO 2010\PROJECTS\SPACEBATTLE SEB-OLIV\SPACEBATTLE\MWRAPPER\DEBUG\MWRAPPER.DLL.INTERMEDIATE.MANIFEST
C:\USERS\ZAO\DOCUMENTS\VISUAL STUDIO 2010\PROJECTS\SPACEBATTLE SEB-OLIV\SPACEBATTLE\MWRAPPER\DEBUG\MWRAPPER.PCH
C:\Users\zao\Documents\Visual Studio 2010\Projects\SpaceBattle seb-oliv\SpaceBattle\mWrapper\Debug\mWrapper.write.1.tlog
C:\Users\zao\Documents\Visual Studio 2010\Projects\SpaceBattle seb-oliv\SpaceBattle\mWrapper\Debug\rc.command.1.tlog
C:\Users\zao\Documents\Visual Studio 2010\Projects\SpaceBattle seb-oliv\SpaceBattle\mWrapper\Debug\rc.read.1.tlog
C:\Users\zao\Documents\Visual Studio 2010\Projects\SpaceBattle seb-oliv\SpaceBattle\mWrapper\Debug\rc.write.1.tlog
C:\Users\zao\Documents\Visual Studio 2010\Projects\SpaceBattle seb-oliv\SpaceBattle\mWrapper\Debug\ResolveAssemblyReference.cache
C:\USERS\ZAO\DOCUMENTS\VISUAL STUDIO 2010\PROJECTS\SPACEBATTLE SEB-OLIV\SPACEBATTLE\MWRAPPER\DEBUG\STDAFX.OBJ
C:\USERS\ZAO\DOCUMENTS\VISUAL STUDIO 2010\PROJECTS\SPACEBATTLE SEB-OLIV\SPACEBATTLE\MWRAPPER\DEBUG\VC100.PDB
C:\USERS\ZAO\DOCUMENTS\VISUAL STUDIO 2010\PROJECTS\SPACEBATTLE SEB-OLIV\SPACEBATTLE\MWRAPPER\DEBUG\WRAPPERDICES.OBJ
C:\USERS\ZAO\DOCUMENTS\VISUAL STUDIO 2010\PROJECTS\SPACEBATTLE SEB-OLIV\SPACEBATTLE\MWRAPPER\DEBUG\WRAPPERGAMEMANAGER.OBJ
